2020-03-04 11:12:50.534 - controller.controller - INFO - <<<<< Starting >>>>>
2020-03-04 11:12:50.581 - controller.controller - INFO - Cleared my_db.flights for process date = 2020-03-04
2020-03-04 11:12:50.581 - controller.controller - INFO - Retrieving flight data for KJFK between 1583297999 and 1583384399
2020-03-04 11:12:51.729 - controller.controller - INFO - Request 1 successful, offset = 0
2020-03-04 11:12:52.956 - controller.controller - INFO - Request 2 successful, offset = 15
2020-03-04 11:12:54.185 - controller.controller - INFO - Request 3 successful, offset = 30
2020-03-04 11:13:00.019 - controller.controller - INFO - Request 4 successful, offset = 45
2020-03-04 11:13:03.092 - controller.controller - INFO - Request 5 successful, offset = 60
2020-03-04 11:13:04.644 - controller.controller - INFO - Request 6 successful, offset = 75
2020-03-04 11:13:05.859 - controller.controller - INFO - Request 7 successful, offset = 90
2020-03-04 11:13:07.395 - controller.controller - INFO - Request 8 successful, offset = 105
2020-03-04 11:13:08.624 - controller.controller - INFO - Request 9 successful, offset = 120
2020-03-04 11:13:09.862 - controller.controller - INFO - Request 10 successful, offset = 135
2020-03-04 11:13:11.163 - controller.controller - INFO - Request 11 successful, offset = 150
2020-03-04 11:13:12.409 - controller.controller - INFO - Request 12 successful, offset = 165
2020-03-04 11:13:13.861 - controller.controller - INFO - Request 13 successful, offset = 180
2020-03-04 11:13:19.991 - controller.controller - INFO - Request 14 successful, offset = 195
2020-03-04 11:13:21.216 - controller.controller - INFO - Request 15 successful, offset = 210
2020-03-04 11:13:22.445 - controller.controller - INFO - Request 16 successful, offset = 225
2020-03-04 11:13:23.982 - controller.controller - INFO - Request 17 successful, offset = 240
2020-03-04 11:13:25.208 - controller.controller - INFO - Request 18 successful, offset = 255
2020-03-04 11:13:26.266 - controller.controller - INFO - Request 19 successful, offset = 270
2020-03-04 11:13:27.360 - controller.controller - INFO - Request 20 successful, offset = 285
2020-03-04 11:13:28.591 - controller.controller - INFO - Request 21 successful, offset = 300
2020-03-04 11:13:29.821 - controller.controller - INFO - Request 22 successful, offset = 315
2020-03-04 11:13:31.044 - controller.controller - INFO - Request 23 successful, offset = 330
2020-03-04 11:13:32.273 - controller.controller - INFO - Request 24 successful, offset = 345
2020-03-04 11:13:33.820 - controller.controller - INFO - Request 25 successful, offset = 360
2020-03-04 11:13:39.644 - controller.controller - INFO - Request 26 successful, offset = 375
2020-03-04 11:13:40.873 - controller.controller - INFO - Request 27 successful, offset = 390
2020-03-04 11:13:42.102 - controller.controller - INFO - Request 28 successful, offset = 405
2020-03-04 11:13:43.333 - controller.controller - INFO - Request 29 successful, offset = 420
2020-03-04 11:13:44.561 - controller.controller - INFO - Request 30 successful, offset = 435
2020-03-04 11:13:45.794 - controller.controller - INFO - Request 31 successful, offset = 450
2020-03-04 11:13:47.016 - controller.controller - INFO - Request 32 successful, offset = 465
2020-03-04 11:13:48.558 - controller.controller - INFO - Request 33 successful, offset = 480
2020-03-04 11:13:49.782 - controller.controller - INFO - Request 34 successful, offset = 495
2020-03-04 11:13:51.317 - controller.controller - INFO - Request 35 successful, offset = 510
2020-03-04 11:13:52.545 - controller.controller - INFO - Request 36 successful, offset = 525
2020-03-04 11:13:53.774 - controller.controller - INFO - Request 37 successful, offset = 540
2020-03-04 11:13:55.010 - controller.controller - INFO - Request 38 successful, offset = 555
2020-03-04 11:13:56.231 - controller.controller - INFO - Request 39 successful, offset = 570
2020-03-04 11:13:57.229 - controller.controller - INFO - Request 40 successful, offset = 585
2020-03-04 11:13:58.382 - controller.controller - INFO - Request 41 successful, offset = 600
2020-03-04 11:13:59.610 - controller.controller - INFO - Request 42 successful, offset = 615
2020-03-04 11:14:01.147 - controller.controller - INFO - Request 43 successful, offset = 630
2020-03-04 11:14:02.375 - controller.controller - INFO - Request 44 successful, offset = 645
2020-03-04 11:14:03.603 - controller.controller - INFO - Request 45 successful, offset = 660
2020-03-04 11:14:04.832 - controller.controller - INFO - Request 46 successful, offset = 675
2020-03-04 11:14:06.062 - controller.controller - INFO - Request 47 successful, offset = 690
2020-03-04 11:14:07.294 - controller.controller - INFO - Request 48 successful, offset = 705
2020-03-04 11:14:08.830 - controller.controller - INFO - Request 49 successful, offset = 720
2020-03-04 11:14:10.054 - controller.controller - INFO - Request 50 successful, offset = 735
2020-03-04 11:14:11.309 - controller.controller - INFO - Request 51 successful, offset = 750
2020-03-04 11:14:12.581 - controller.controller - INFO - Request 52 successful, offset = 765
2020-03-04 11:14:13.745 - controller.controller - INFO - Request 53 successful, offset = 780
2020-03-04 11:14:14.977 - controller.controller - INFO - Request 54 successful, offset = 795
2020-03-04 11:14:16.199 - controller.controller - INFO - Request 55 successful, offset = 810
2020-03-04 11:14:17.441 - controller.controller - INFO - Request 56 successful, offset = 825
2020-03-04 11:14:18.656 - controller.controller - INFO - Request 57 successful, offset = 840
2020-03-04 11:14:19.901 - controller.controller - INFO - Request 58 successful, offset = 855
2020-03-04 11:14:21.119 - controller.controller - INFO - Request 59 successful, offset = 870
2020-03-04 11:14:22.651 - controller.controller - INFO - Request 60 successful, offset = 885
2020-03-04 11:14:23.878 - controller.controller - INFO - Request 61 successful, offset = 900
2020-03-04 11:14:25.110 - controller.controller - INFO - Request 62 successful, offset = 915
2020-03-04 11:14:26.338 - controller.controller - INFO - Request 63 successful, offset = 930
2020-03-04 11:14:27.566 - controller.controller - INFO - Request 64 successful, offset = 945
2020-03-04 11:14:28.797 - controller.controller - INFO - Request 65 successful, offset = 960
2020-03-04 11:14:30.022 - controller.controller - INFO - Request 66 successful, offset = 975
2020-03-04 11:14:31.254 - controller.controller - INFO - Request 67 successful, offset = 990
2020-03-04 11:14:32.482 - controller.controller - INFO - Request 68 successful, offset = 1,005
2020-03-04 11:14:33.714 - controller.controller - INFO - Request 69 successful, offset = 1,020
2020-03-04 11:14:34.941 - controller.controller - INFO - Request 70 successful, offset = 1,035
2020-03-04 11:14:36.167 - controller.controller - INFO - Request 71 successful, offset = 1,050
2020-03-04 11:14:37.395 - controller.controller - INFO - Request 72 successful, offset = 1,065
2020-03-04 11:14:38.625 - controller.controller - INFO - Request 73 successful, offset = 1,080
2020-03-04 11:14:40.171 - controller.controller - INFO - Request 74 successful, offset = 1,095
2020-03-04 11:14:41.393 - controller.controller - INFO - Request 75 successful, offset = 1,110
2020-03-04 11:14:42.927 - controller.controller - INFO - Request 76 successful, offset = 1,125
2020-03-04 11:14:43.927 - controller.controller - INFO - Request 77 successful, offset = 1,140
2020-03-04 11:14:45.083 - controller.controller - INFO - Request 78 successful, offset = 1,155
2020-03-04 11:14:46.305 - controller.controller - INFO - Request 79 successful, offset = 1,170
2020-03-04 11:14:47.843 - controller.controller - INFO - Request 80 successful, offset = 1,185
2020-03-04 11:14:49.071 - controller.controller - INFO - Request 81 successful, offset = 1,200
2020-03-04 11:14:50.297 - controller.controller - INFO - Request 82 successful, offset = 1,215
2020-03-04 11:14:51.527 - controller.controller - INFO - Request 83 successful, offset = 1,230
2020-03-04 11:14:52.756 - controller.controller - INFO - Request 84 successful, offset = 1,245
2020-03-04 11:14:53.984 - controller.controller - INFO - Request 85 successful, offset = 1,260
2020-03-04 11:14:55.225 - controller.controller - INFO - Request 86 successful, offset = 1,275
2020-03-04 11:14:56.750 - controller.controller - INFO - Request 87 successful, offset = 1,290
2020-03-04 11:14:57.979 - controller.controller - INFO - Request 88 successful, offset = 1,305
2020-03-04 11:14:59.251 - controller.controller - INFO - Request 89 successful, offset = 1,320
2020-03-04 11:15:00.438 - controller.controller - INFO - Request 90 successful, offset = 1,335
2020-03-04 11:15:01.668 - controller.controller - INFO - Request 91 successful, offset = 1,350
2020-03-04 11:15:02.895 - controller.controller - INFO - Request 92 successful, offset = 1,365
2020-03-04 11:15:04.430 - controller.controller - INFO - Request 93 successful, offset = 1,380
2020-03-04 11:15:05.671 - controller.controller - INFO - Request 94 successful, offset = 1,395
2020-03-04 11:15:06.893 - controller.controller - INFO - Request 95 successful, offset = 1,410
2020-03-04 11:15:08.424 - controller.controller - INFO - Request 96 successful, offset = 1,425
2020-03-04 11:15:09.651 - controller.controller - INFO - Request 97 successful, offset = 1,440
2020-03-04 11:15:10.881 - controller.controller - INFO - Request 98 successful, offset = 1,455
2020-03-04 11:15:12.155 - controller.controller - INFO - Request 99 successful, offset = 1,470
2020-03-04 11:15:14.263 - controller.controller - INFO - Request 100 successful, offset = 1,485
2020-03-04 11:15:15.684 - controller.controller - INFO - Request 101 successful, offset = 1,500
2020-03-04 11:15:17.341 - controller.controller - INFO - Request 102 successful, offset = 1,515
2020-03-04 11:15:18.562 - controller.controller - INFO - Request 103 successful, offset = 1,530
2020-03-04 11:15:20.097 - controller.controller - INFO - Request 104 successful, offset = 1,545
2020-03-04 11:15:21.325 - controller.controller - INFO - Request 105 successful, offset = 1,560
2020-03-04 11:15:22.554 - controller.controller - INFO - Request 106 successful, offset = 1,575
2020-03-04 11:15:24.094 - controller.controller - INFO - Request 107 successful, offset = 1,590
2020-03-04 11:15:25.325 - controller.controller - INFO - Request 108 successful, offset = 1,605
2020-03-04 11:15:26.548 - controller.controller - INFO - Request 109 successful, offset = 1,620
2020-03-04 11:15:27.777 - controller.controller - INFO - Request 110 successful, offset = 1,635
2020-03-04 11:15:29.009 - controller.controller - INFO - Request 111 successful, offset = 1,650
2020-03-04 11:15:30.249 - controller.controller - INFO - Request 112 successful, offset = 1,665
2020-03-04 11:15:31.774 - controller.controller - INFO - Request 113 successful, offset = 1,680
2020-03-04 11:15:33.024 - controller.controller - INFO - Request 114 successful, offset = 1,695
2020-03-04 11:15:34.228 - controller.controller - INFO - Request 115 successful, offset = 1,710
2020-03-04 11:15:35.765 - controller.controller - INFO - Request 116 successful, offset = 1,725
2020-03-04 11:15:36.994 - controller.controller - INFO - Request 117 successful, offset = 1,740
2020-03-04 11:15:38.532 - controller.controller - INFO - Request 118 successful, offset = 1,755
2020-03-04 11:15:39.758 - controller.controller - INFO - Request 119 successful, offset = 1,770
2020-03-04 11:15:40.987 - controller.controller - INFO - Request 120 successful, offset = 1,785
2020-03-04 11:15:42.537 - controller.controller - INFO - Request 121 successful, offset = 1,800
2020-03-04 11:15:43.756 - controller.controller - INFO - Request 122 successful, offset = 1,815
2020-03-04 11:15:44.988 - controller.controller - INFO - Request 123 successful, offset = 1,830
2020-03-04 11:15:46.517 - controller.controller - INFO - Request 124 successful, offset = 1,845
2020-03-04 11:15:47.752 - controller.controller - INFO - Request 125 successful, offset = 1,860
2020-03-04 11:15:49.311 - controller.controller - INFO - Request 126 successful, offset = 1,875
2020-03-04 11:15:50.510 - controller.controller - INFO - Request 127 successful, offset = 1,890
2020-03-04 11:15:51.742 - controller.controller - INFO - Request 128 successful, offset = 1,905
2020-03-04 11:15:53.275 - controller.controller - INFO - Request 129 successful, offset = 1,920
2020-03-04 11:15:54.504 - controller.controller - INFO - Request 130 successful, offset = 1,935
2020-03-04 11:15:55.735 - controller.controller - INFO - Request 131 successful, offset = 1,950
2020-03-04 11:15:56.964 - controller.controller - INFO - Request 132 successful, offset = 1,965
2020-03-04 11:15:58.191 - controller.controller - INFO - Request 133 successful, offset = 1,980
2020-03-04 11:15:59.419 - controller.controller - INFO - Request 134 successful, offset = 1,995
2020-03-04 11:16:00.648 - controller.controller - INFO - Request 135 successful, offset = 2,010
2020-03-04 11:16:01.694 - controller.controller - INFO - Request 136 successful, offset = 2,025
2020-03-04 11:16:02.800 - controller.controller - INFO - Request 137 successful, offset = 2,040
2020-03-04 11:16:04.034 - controller.controller - INFO - Request 138 successful, offset = 2,055
2020-03-04 11:16:05.256 - controller.controller - INFO - Request 139 successful, offset = 2,070
2020-03-04 11:16:06.793 - controller.controller - INFO - Request 140 successful, offset = 2,085
2020-03-04 11:16:08.037 - controller.controller - INFO - Request 141 successful, offset = 2,100
2020-03-04 11:16:09.250 - controller.controller - INFO - Request 142 successful, offset = 2,115
2020-03-04 11:16:10.789 - controller.controller - INFO - Request 143 successful, offset = 2,130
2020-03-04 11:16:12.015 - controller.controller - INFO - Request 144 successful, offset = 2,145
2020-03-04 11:16:13.248 - controller.controller - INFO - Request 145 successful, offset = 2,160
2020-03-04 11:16:14.780 - controller.controller - INFO - Request 146 successful, offset = 2,175
2020-03-04 11:16:16.019 - controller.controller - INFO - Request 147 successful, offset = 2,190
2020-03-04 11:16:17.855 - controller.controller - INFO - Request 148 successful, offset = 2,205
2020-03-04 11:16:19.081 - controller.controller - INFO - Request 149 successful, offset = 2,220
2020-03-04 11:16:20.619 - controller.controller - INFO - Request 150 successful, offset = 2,235
2020-03-04 11:16:21.849 - controller.controller - INFO - Request 151 successful, offset = 2,250
2020-03-04 11:16:23.075 - controller.controller - INFO - Request 152 successful, offset = 2,265
2020-03-04 11:16:24.303 - controller.controller - INFO - Request 153 successful, offset = 2,280
2020-03-04 11:16:25.532 - controller.controller - INFO - Request 154 successful, offset = 2,295
2020-03-04 11:16:26.761 - controller.controller - INFO - Request 155 successful, offset = 2,310
2020-03-04 11:16:28.298 - controller.controller - INFO - Request 156 successful, offset = 2,325
2020-03-04 11:16:29.529 - controller.controller - INFO - Request 157 successful, offset = 2,340
2020-03-04 11:16:31.062 - controller.controller - INFO - Request 158 successful, offset = 2,355
2020-03-04 11:16:32.291 - controller.controller - INFO - Request 159 successful, offset = 2,370
2020-03-04 11:16:33.520 - controller.controller - INFO - Request 160 successful, offset = 2,385
2020-03-04 11:16:35.055 - controller.controller - INFO - Found 2,391 arriving flights for KJFK
2020-03-04 11:16:35.243 - controller.controller - INFO - Saved KJFK arriving flights to database
2020-03-04 11:16:36.285 - controller.controller - INFO - Request 1 successful, offset = 0
2020-03-04 11:16:37.513 - controller.controller - INFO - Request 2 successful, offset = 15
2020-03-04 11:16:38.760 - controller.controller - INFO - Request 3 successful, offset = 30
2020-03-04 11:16:39.994 - controller.controller - INFO - Request 4 successful, offset = 45
2020-03-04 11:16:41.213 - controller.controller - INFO - Request 5 successful, offset = 60
2020-03-04 11:16:42.430 - controller.controller - INFO - Request 6 successful, offset = 75
2020-03-04 11:16:43.663 - controller.controller - INFO - Request 7 successful, offset = 90
2020-03-04 11:16:44.894 - controller.controller - INFO - Request 8 successful, offset = 105
2020-03-04 11:16:46.121 - controller.controller - INFO - Request 9 successful, offset = 120
2020-03-04 11:16:47.355 - controller.controller - INFO - Request 10 successful, offset = 135
2020-03-04 11:16:48.593 - controller.controller - INFO - Request 11 successful, offset = 150
2020-03-04 11:16:49.808 - controller.controller - INFO - Request 12 successful, offset = 165
2020-03-04 11:16:51.030 - controller.controller - INFO - Request 13 successful, offset = 180
2020-03-04 11:16:52.258 - controller.controller - INFO - Request 14 successful, offset = 195
2020-03-04 11:16:53.794 - controller.controller - INFO - Request 15 successful, offset = 210
2020-03-04 11:16:55.023 - controller.controller - INFO - Request 16 successful, offset = 225
2020-03-04 11:16:56.253 - controller.controller - INFO - Request 17 successful, offset = 240
2020-03-04 11:16:57.481 - controller.controller - INFO - Request 18 successful, offset = 255
2020-03-04 11:16:58.710 - controller.controller - INFO - Request 19 successful, offset = 270
2020-03-04 11:16:59.940 - controller.controller - INFO - Request 20 successful, offset = 285
2020-03-04 11:17:01.474 - controller.controller - INFO - Request 21 successful, offset = 300
2020-03-04 11:17:02.703 - controller.controller - INFO - Request 22 successful, offset = 315
2020-03-04 11:17:03.672 - controller.controller - INFO - Request 23 successful, offset = 330
2020-03-04 11:17:04.854 - controller.controller - INFO - Request 24 successful, offset = 345
2020-03-04 11:17:06.393 - controller.controller - INFO - Request 25 successful, offset = 360
2020-03-04 11:17:07.934 - controller.controller - INFO - Request 26 successful, offset = 375
2020-03-04 11:17:09.159 - controller.controller - INFO - Request 27 successful, offset = 390
2020-03-04 11:17:10.396 - controller.controller - INFO - Request 28 successful, offset = 405
2020-03-04 11:17:11.618 - controller.controller - INFO - Request 29 successful, offset = 420
2020-03-04 11:17:14.070 - controller.controller - INFO - Request 30 successful, offset = 435
2020-03-04 11:17:16.527 - controller.controller - INFO - Request 31 successful, offset = 450
2020-03-04 11:17:18.083 - controller.controller - INFO - Request 32 successful, offset = 465
2020-03-04 11:17:19.045 - controller.controller - INFO - Request 33 successful, offset = 480
2020-03-04 11:17:20.521 - controller.controller - INFO - Request 34 successful, offset = 495
2020-03-04 11:17:22.057 - controller.controller - INFO - Request 35 successful, offset = 510
2020-03-04 11:17:23.286 - controller.controller - INFO - Request 36 successful, offset = 525
2020-03-04 11:17:24.515 - controller.controller - INFO - Request 37 successful, offset = 540
2020-03-04 11:17:25.743 - controller.controller - INFO - Request 38 successful, offset = 555
2020-03-04 11:17:26.972 - controller.controller - INFO - Request 39 successful, offset = 570
2020-03-04 11:17:28.207 - controller.controller - INFO - Request 40 successful, offset = 585
2020-03-04 11:17:29.737 - controller.controller - INFO - Request 41 successful, offset = 600
2020-03-04 11:17:31.016 - controller.controller - INFO - Request 42 successful, offset = 615
2020-03-04 11:17:32.194 - controller.controller - INFO - Request 43 successful, offset = 630
2020-03-04 11:17:33.730 - controller.controller - INFO - Request 44 successful, offset = 645
2020-03-04 11:17:34.693 - controller.controller - INFO - Request 45 successful, offset = 660
2020-03-04 11:17:35.886 - controller.controller - INFO - Request 46 successful, offset = 675
2020-03-04 11:17:37.111 - controller.controller - INFO - Request 47 successful, offset = 690
2020-03-04 11:17:38.646 - controller.controller - INFO - Request 48 successful, offset = 705
2020-03-04 11:17:39.878 - controller.controller - INFO - Request 49 successful, offset = 720
2020-03-04 11:17:41.110 - controller.controller - INFO - Request 50 successful, offset = 735
2020-03-04 11:17:42.333 - controller.controller - INFO - Request 51 successful, offset = 750
2020-03-04 11:17:43.868 - controller.controller - INFO - Request 52 successful, offset = 765
2020-03-04 11:17:45.408 - controller.controller - INFO - Request 53 successful, offset = 780
2020-03-04 11:17:46.642 - controller.controller - INFO - Request 54 successful, offset = 795
2020-03-04 11:17:48.173 - controller.controller - INFO - Request 55 successful, offset = 810
2020-03-04 11:17:49.403 - controller.controller - INFO - Request 56 successful, offset = 825
2020-03-04 11:17:50.629 - controller.controller - INFO - Request 57 successful, offset = 840
2020-03-04 11:17:52.163 - controller.controller - INFO - Request 58 successful, offset = 855
2020-03-04 11:17:53.395 - controller.controller - INFO - Request 59 successful, offset = 870
2020-03-04 11:17:54.628 - controller.controller - INFO - Request 60 successful, offset = 885
2020-03-04 11:17:56.156 - controller.controller - INFO - Request 61 successful, offset = 900
2020-03-04 11:17:57.386 - controller.controller - INFO - Request 62 successful, offset = 915
2020-03-04 11:17:58.615 - controller.controller - INFO - Request 63 successful, offset = 930
2020-03-04 11:17:59.851 - controller.controller - INFO - Request 64 successful, offset = 945
2020-03-04 11:18:01.077 - controller.controller - INFO - Request 65 successful, offset = 960
2020-03-04 11:18:02.301 - controller.controller - INFO - Request 66 successful, offset = 975
2020-03-04 11:18:04.144 - controller.controller - INFO - Request 67 successful, offset = 990
2020-03-04 11:18:05.375 - controller.controller - INFO - Request 68 successful, offset = 1,005
2020-03-04 11:18:06.909 - controller.controller - INFO - Request 69 successful, offset = 1,020
2020-03-04 11:18:08.138 - controller.controller - INFO - Request 70 successful, offset = 1,035
2020-03-04 11:18:09.368 - controller.controller - INFO - Request 71 successful, offset = 1,050
2020-03-04 11:18:10.903 - controller.controller - INFO - Request 72 successful, offset = 1,065
2020-03-04 11:18:12.131 - controller.controller - INFO - Request 73 successful, offset = 1,080
2020-03-04 11:18:13.682 - controller.controller - INFO - Request 74 successful, offset = 1,095
2020-03-04 11:18:14.905 - controller.controller - INFO - Request 75 successful, offset = 1,110
2020-03-04 11:18:16.130 - controller.controller - INFO - Request 76 successful, offset = 1,125
2020-03-04 11:18:17.366 - controller.controller - INFO - Request 77 successful, offset = 1,140
2020-03-04 11:18:18.583 - controller.controller - INFO - Request 78 successful, offset = 1,155
2020-03-04 11:18:19.825 - controller.controller - INFO - Request 79 successful, offset = 1,170
2020-03-04 11:18:21.041 - controller.controller - INFO - Request 80 successful, offset = 1,185
2020-03-04 11:18:22.464 - controller.controller - INFO - Request 81 successful, offset = 1,200
2020-03-04 11:18:23.811 - controller.controller - INFO - Request 82 successful, offset = 1,215
2020-03-04 11:18:25.342 - controller.controller - INFO - Request 83 successful, offset = 1,230
2020-03-04 11:18:26.570 - controller.controller - INFO - Request 84 successful, offset = 1,245
2020-03-04 11:18:27.802 - controller.controller - INFO - Request 85 successful, offset = 1,260
2020-03-04 11:18:29.338 - controller.controller - INFO - Request 86 successful, offset = 1,275
2020-03-04 11:18:30.615 - controller.controller - INFO - Request 87 successful, offset = 1,290
2020-03-04 11:18:32.100 - controller.controller - INFO - Request 88 successful, offset = 1,305
2020-03-04 11:18:33.329 - controller.controller - INFO - Request 89 successful, offset = 1,320
2020-03-04 11:18:34.561 - controller.controller - INFO - Request 90 successful, offset = 1,335
2020-03-04 11:18:36.099 - controller.controller - INFO - Request 91 successful, offset = 1,350
2020-03-04 11:18:37.322 - controller.controller - INFO - Request 92 successful, offset = 1,365
2020-03-04 11:18:38.552 - controller.controller - INFO - Request 93 successful, offset = 1,380
2020-03-04 11:18:40.088 - controller.controller - INFO - Request 94 successful, offset = 1,395
2020-03-04 11:18:41.083 - controller.controller - INFO - Request 95 successful, offset = 1,410
2020-03-04 11:18:42.558 - controller.controller - INFO - Request 96 successful, offset = 1,425
2020-03-04 11:18:43.778 - controller.controller - INFO - Request 97 successful, offset = 1,440
2020-03-04 11:18:45.014 - controller.controller - INFO - Request 98 successful, offset = 1,455
2020-03-04 11:18:46.267 - controller.controller - INFO - Request 99 successful, offset = 1,470
2020-03-04 11:18:47.772 - controller.controller - INFO - Request 100 successful, offset = 1,485
2020-03-04 11:18:48.999 - controller.controller - INFO - Request 101 successful, offset = 1,500
2020-03-04 11:18:50.226 - controller.controller - INFO - Request 102 successful, offset = 1,515
2020-03-04 11:18:51.762 - controller.controller - INFO - Request 103 successful, offset = 1,530
2020-03-04 11:18:52.992 - controller.controller - INFO - Request 104 successful, offset = 1,545
2020-03-04 11:18:54.020 - controller.controller - INFO - Request 105 successful, offset = 1,560
2020-03-04 11:18:55.770 - controller.controller - INFO - Request 106 successful, offset = 1,575
2020-03-04 11:18:56.989 - controller.controller - INFO - Request 107 successful, offset = 1,590
2020-03-04 11:18:58.219 - controller.controller - INFO - Request 108 successful, offset = 1,605
2020-03-04 11:18:59.442 - controller.controller - INFO - Request 109 successful, offset = 1,620
2020-03-04 11:19:00.668 - controller.controller - INFO - Request 110 successful, offset = 1,635
2020-03-04 11:19:01.900 - controller.controller - INFO - Request 111 successful, offset = 1,650
2020-03-04 11:19:03.434 - controller.controller - INFO - Request 112 successful, offset = 1,665
2020-03-04 11:19:04.662 - controller.controller - INFO - Request 113 successful, offset = 1,680
2020-03-04 11:19:05.894 - controller.controller - INFO - Request 114 successful, offset = 1,695
2020-03-04 11:19:07.120 - controller.controller - INFO - Request 115 successful, offset = 1,710
2020-03-04 11:19:08.350 - controller.controller - INFO - Request 116 successful, offset = 1,725
2020-03-04 11:19:09.398 - controller.controller - INFO - Request 117 successful, offset = 1,740
2020-03-04 11:19:10.498 - controller.controller - INFO - Request 118 successful, offset = 1,755
2020-03-04 11:19:11.515 - controller.controller - INFO - Request 119 successful, offset = 1,770
2020-03-04 11:19:13.577 - controller.controller - INFO - Request 120 successful, offset = 1,785
2020-03-04 11:19:15.417 - controller.controller - INFO - Request 121 successful, offset = 1,800
2020-03-04 11:19:17.563 - controller.controller - INFO - Request 122 successful, offset = 1,815
2020-03-04 11:19:19.099 - controller.controller - INFO - Request 123 successful, offset = 1,830
2020-03-04 11:19:20.328 - controller.controller - INFO - Request 124 successful, offset = 1,845
2020-03-04 11:19:21.866 - controller.controller - INFO - Request 125 successful, offset = 1,860
2020-03-04 11:19:23.093 - controller.controller - INFO - Request 126 successful, offset = 1,875
2020-03-04 11:19:24.325 - controller.controller - INFO - Request 127 successful, offset = 1,890
2020-03-04 11:19:25.857 - controller.controller - INFO - Request 128 successful, offset = 1,905
2020-03-04 11:19:27.086 - controller.controller - INFO - Request 129 successful, offset = 1,920
2020-03-04 11:19:28.316 - controller.controller - INFO - Request 130 successful, offset = 1,935
2020-03-04 11:19:29.545 - controller.controller - INFO - Request 131 successful, offset = 1,950
2020-03-04 11:19:30.826 - controller.controller - INFO - Request 132 successful, offset = 1,965
2020-03-04 11:19:32.002 - controller.controller - INFO - Request 133 successful, offset = 1,980
2020-03-04 11:19:33.233 - controller.controller - INFO - Request 134 successful, offset = 1,995
2020-03-04 11:19:34.766 - controller.controller - INFO - Request 135 successful, offset = 2,010
2020-03-04 11:19:35.997 - controller.controller - INFO - Request 136 successful, offset = 2,025
2020-03-04 11:19:37.531 - controller.controller - INFO - Request 137 successful, offset = 2,040
2020-03-04 11:19:38.762 - controller.controller - INFO - Request 138 successful, offset = 2,055
2020-03-04 11:19:39.988 - controller.controller - INFO - Request 139 successful, offset = 2,070
2020-03-04 11:19:41.524 - controller.controller - INFO - Request 140 successful, offset = 2,085
2020-03-04 11:19:42.761 - controller.controller - INFO - Request 141 successful, offset = 2,100
2020-03-04 11:19:43.983 - controller.controller - INFO - Request 142 successful, offset = 2,115
2020-03-04 11:19:45.521 - controller.controller - INFO - Request 143 successful, offset = 2,130
2020-03-04 11:19:46.747 - controller.controller - INFO - Request 144 successful, offset = 2,145
2020-03-04 11:19:47.977 - controller.controller - INFO - Request 145 successful, offset = 2,160
2020-03-04 11:19:49.204 - controller.controller - INFO - Request 146 successful, offset = 2,175
2020-03-04 11:19:50.433 - controller.controller - INFO - Request 147 successful, offset = 2,190
2020-03-04 11:19:51.663 - controller.controller - INFO - Request 148 successful, offset = 2,205
2020-03-04 11:19:52.890 - controller.controller - INFO - Request 149 successful, offset = 2,220
2020-03-04 11:19:54.119 - controller.controller - INFO - Found 2,391 departing flights for KJFK
2020-03-04 11:19:54.305 - controller.controller - INFO - Saved KJFK departing flights to database
2020-03-04 11:19:54.305 - controller.controller - INFO - Retrieving flight data for KLGA between 1583297999 and 1583384399
2020-03-04 11:19:55.962 - controller.controller - INFO - Request 1 successful, offset = 0
2020-03-04 11:19:57.499 - controller.controller - INFO - Request 2 successful, offset = 15
2020-03-04 11:19:59.341 - controller.controller - INFO - Request 3 successful, offset = 30
2020-03-04 11:20:01.185 - controller.controller - INFO - Request 4 successful, offset = 45
2020-03-04 11:20:02.110 - controller.controller - INFO - Request 5 successful, offset = 60
2020-03-04 11:20:03.035 - controller.controller - INFO - Request 6 successful, offset = 75
2020-03-04 11:20:04.894 - controller.controller - INFO - Request 7 successful, offset = 90
2020-03-04 11:20:06.101 - controller.controller - INFO - Request 8 successful, offset = 105
2020-03-04 11:20:07.044 - controller.controller - INFO - Request 9 successful, offset = 120
2020-03-04 11:20:08.560 - controller.controller - INFO - Request 10 successful, offset = 135
2020-03-04 11:20:10.093 - controller.controller - INFO - Request 11 successful, offset = 150
2020-03-04 11:20:11.016 - controller.controller - INFO - Request 12 successful, offset = 165
2020-03-04 11:20:12.559 - controller.controller - INFO - Request 13 successful, offset = 180
2020-03-04 11:20:13.476 - controller.controller - INFO - Request 14 successful, offset = 195
2020-03-04 11:20:14.701 - controller.controller - INFO - Request 15 successful, offset = 210
2020-03-04 11:20:15.624 - controller.controller - INFO - Request 16 successful, offset = 225
2020-03-04 11:20:16.545 - controller.controller - INFO - Request 17 successful, offset = 240
2020-03-04 11:20:17.474 - controller.controller - INFO - Request 18 successful, offset = 255
2020-03-04 11:20:18.399 - controller.controller - INFO - Request 19 successful, offset = 270
2020-03-04 11:20:19.309 - controller.controller - INFO - Request 20 successful, offset = 285
2020-03-04 11:20:20.231 - controller.controller - INFO - Request 21 successful, offset = 300
2020-03-04 11:20:21.153 - controller.controller - INFO - Request 22 successful, offset = 315
2020-03-04 11:20:22.074 - controller.controller - INFO - Request 23 successful, offset = 330
2020-03-04 11:20:22.995 - controller.controller - INFO - Request 24 successful, offset = 345
2020-03-04 11:20:23.917 - controller.controller - INFO - Request 25 successful, offset = 360
2020-03-04 11:20:24.609 - controller.controller - INFO - Request 26 successful, offset = 375
2020-03-04 11:20:25.454 - controller.controller - INFO - Request 27 successful, offset = 390
2020-03-04 11:20:26.375 - controller.controller - INFO - Request 28 successful, offset = 405
2020-03-04 11:20:27.299 - controller.controller - INFO - Request 29 successful, offset = 420
2020-03-04 11:20:28.049 - controller.controller - INFO - Request 30 successful, offset = 435
2020-03-04 11:20:28.839 - controller.controller - INFO - Request 31 successful, offset = 450
2020-03-04 11:20:29.754 - controller.controller - INFO - Request 32 successful, offset = 465
2020-03-04 11:20:30.725 - controller.controller - INFO - Request 33 successful, offset = 480
2020-03-04 11:20:31.597 - controller.controller - INFO - Request 34 successful, offset = 495
2020-03-04 11:20:32.518 - controller.controller - INFO - Request 35 successful, offset = 510
2020-03-04 11:20:33.804 - controller.controller - INFO - Request 36 successful, offset = 525
2020-03-04 11:20:34.671 - controller.controller - INFO - Request 37 successful, offset = 540
2020-03-04 11:20:35.602 - controller.controller - INFO - Request 38 successful, offset = 555
2020-03-04 11:20:36.516 - controller.controller - INFO - Request 39 successful, offset = 570
2020-03-04 11:20:38.059 - controller.controller - INFO - Request 40 successful, offset = 585
2020-03-04 11:20:38.980 - controller.controller - INFO - Request 41 successful, offset = 600
2020-03-04 11:20:39.894 - controller.controller - INFO - Request 42 successful, offset = 615
2020-03-04 11:20:41.121 - controller.controller - INFO - Request 43 successful, offset = 630
2020-03-04 11:20:42.065 - controller.controller - INFO - Request 44 successful, offset = 645
2020-03-04 11:20:42.968 - controller.controller - INFO - Request 45 successful, offset = 660
2020-03-04 11:20:43.689 - controller.controller - INFO - Request 46 successful, offset = 675
2020-03-04 11:20:44.499 - controller.controller - INFO - Request 47 successful, offset = 690
2020-03-04 11:20:45.423 - controller.controller - INFO - Request 48 successful, offset = 705
2020-03-04 11:20:46.344 - controller.controller - INFO - Request 49 successful, offset = 720
2020-03-04 11:20:47.571 - controller.controller - INFO - Request 50 successful, offset = 735
2020-03-04 11:20:48.802 - controller.controller - INFO - Request 51 successful, offset = 750
2020-03-04 11:20:49.724 - controller.controller - INFO - Request 52 successful, offset = 765
2020-03-04 11:20:50.643 - controller.controller - INFO - Request 53 successful, offset = 780
2020-03-04 11:20:51.565 - controller.controller - INFO - Request 54 successful, offset = 795
2020-03-04 11:20:52.488 - controller.controller - INFO - Request 55 successful, offset = 810
2020-03-04 11:20:53.409 - controller.controller - INFO - Request 56 successful, offset = 825
2020-03-04 11:20:54.639 - controller.controller - INFO - Request 57 successful, offset = 840
2020-03-04 11:20:55.559 - controller.controller - INFO - Request 58 successful, offset = 855
2020-03-04 11:20:56.786 - controller.controller - INFO - Request 59 successful, offset = 870
2020-03-04 11:20:57.715 - controller.controller - INFO - Request 60 successful, offset = 885
2020-03-04 11:20:58.632 - controller.controller - INFO - Request 61 successful, offset = 900
2020-03-04 11:20:59.344 - controller.controller - INFO - Request 62 successful, offset = 915
2020-03-04 11:21:00.181 - controller.controller - INFO - Request 63 successful, offset = 930
2020-03-04 11:21:01.092 - controller.controller - INFO - Found 940 arriving flights for KLGA
2020-03-04 11:21:01.300 - controller.controller - INFO - Saved KLGA arriving flights to database
2020-03-04 11:21:02.931 - controller.controller - INFO - Request 1 successful, offset = 0
2020-03-04 11:21:04.782 - controller.controller - INFO - Request 2 successful, offset = 15
2020-03-04 11:21:06.625 - controller.controller - INFO - Request 3 successful, offset = 30
2020-03-04 11:21:08.466 - controller.controller - INFO - Request 4 successful, offset = 45
2020-03-04 11:21:10.312 - controller.controller - INFO - Request 5 successful, offset = 60
2020-03-04 11:21:11.846 - controller.controller - INFO - Request 6 successful, offset = 75
2020-03-04 11:21:12.511 - controller.controller - INFO - Request 7 successful, offset = 90
2020-03-04 11:21:13.340 - controller.controller - INFO - Request 8 successful, offset = 105
2020-03-04 11:21:14.174 - controller.controller - INFO - Request 9 successful, offset = 120
2020-03-04 11:21:15.212 - controller.controller - INFO - Request 10 successful, offset = 135
2020-03-04 11:21:16.238 - controller.controller - INFO - Request 11 successful, offset = 150
2020-03-04 11:21:17.066 - controller.controller - INFO - Request 12 successful, offset = 165
2020-03-04 11:21:18.907 - controller.controller - INFO - Request 13 successful, offset = 180
2020-03-04 11:21:19.827 - controller.controller - INFO - Request 14 successful, offset = 195
2020-03-04 11:21:21.057 - controller.controller - INFO - Request 15 successful, offset = 210
2020-03-04 11:21:21.980 - controller.controller - INFO - Request 16 successful, offset = 225
2020-03-04 11:21:22.901 - controller.controller - INFO - Request 17 successful, offset = 240
2020-03-04 11:21:23.823 - controller.controller - INFO - Request 18 successful, offset = 255
2020-03-04 11:21:25.050 - controller.controller - INFO - Request 19 successful, offset = 270
2020-03-04 11:21:25.972 - controller.controller - INFO - Request 20 successful, offset = 285
2020-03-04 11:21:26.908 - controller.controller - INFO - Request 21 successful, offset = 300
2020-03-04 11:21:27.817 - controller.controller - INFO - Request 22 successful, offset = 315
2020-03-04 11:21:29.351 - controller.controller - INFO - Request 23 successful, offset = 330
2020-03-04 11:21:30.891 - controller.controller - INFO - Request 24 successful, offset = 345
2020-03-04 11:21:32.117 - controller.controller - INFO - Request 25 successful, offset = 360
2020-03-04 11:21:33.652 - controller.controller - INFO - Request 26 successful, offset = 375
2020-03-04 11:21:34.577 - controller.controller - INFO - Request 27 successful, offset = 390
2020-03-04 11:21:35.509 - controller.controller - INFO - Request 28 successful, offset = 405
2020-03-04 11:21:36.419 - controller.controller - INFO - Request 29 successful, offset = 420
2020-03-04 11:21:37.645 - controller.controller - INFO - Request 30 successful, offset = 435
2020-03-04 11:21:38.568 - controller.controller - INFO - Request 31 successful, offset = 450
2020-03-04 11:21:39.493 - controller.controller - INFO - Request 32 successful, offset = 465
2020-03-04 11:21:40.421 - controller.controller - INFO - Request 33 successful, offset = 480
2020-03-04 11:21:41.337 - controller.controller - INFO - Request 34 successful, offset = 495
2020-03-04 11:21:42.254 - controller.controller - INFO - Request 35 successful, offset = 510
2020-03-04 11:21:43.488 - controller.controller - INFO - Request 36 successful, offset = 525
2020-03-04 11:21:44.406 - controller.controller - INFO - Request 37 successful, offset = 540
2020-03-04 11:21:45.329 - controller.controller - INFO - Request 38 successful, offset = 555
2020-03-04 11:21:46.047 - controller.controller - INFO - Request 39 successful, offset = 570
2020-03-04 11:21:47.170 - controller.controller - INFO - Request 40 successful, offset = 585
2020-03-04 11:21:48.095 - controller.controller - INFO - Request 41 successful, offset = 600
2020-03-04 11:21:49.336 - controller.controller - INFO - Request 42 successful, offset = 615
2020-03-04 11:21:50.243 - controller.controller - INFO - Request 43 successful, offset = 630
2020-03-04 11:21:51.168 - controller.controller - INFO - Request 44 successful, offset = 645
2020-03-04 11:21:52.699 - controller.controller - INFO - Request 45 successful, offset = 660
2020-03-04 11:21:53.622 - controller.controller - INFO - Request 46 successful, offset = 675
2020-03-04 11:21:54.541 - controller.controller - INFO - Request 47 successful, offset = 690
2020-03-04 11:21:55.463 - controller.controller - INFO - Request 48 successful, offset = 705
2020-03-04 11:21:56.384 - controller.controller - INFO - Request 49 successful, offset = 720
2020-03-04 11:21:57.307 - controller.controller - INFO - Request 50 successful, offset = 735
2020-03-04 11:21:58.228 - controller.controller - INFO - Request 51 successful, offset = 750
2020-03-04 11:22:00.071 - controller.controller - INFO - Request 52 successful, offset = 765
2020-03-04 11:22:01.001 - controller.controller - INFO - Request 53 successful, offset = 780
2020-03-04 11:22:01.922 - controller.controller - INFO - Request 54 successful, offset = 795
2020-03-04 11:22:02.838 - controller.controller - INFO - Request 55 successful, offset = 810
2020-03-04 11:22:03.764 - controller.controller - INFO - Request 56 successful, offset = 825
2020-03-04 11:22:04.986 - controller.controller - INFO - Request 57 successful, offset = 840
2020-03-04 11:22:05.910 - controller.controller - INFO - Request 58 successful, offset = 855
2020-03-04 11:22:06.831 - controller.controller - INFO - Request 59 successful, offset = 870
2020-03-04 11:22:07.751 - controller.controller - INFO - Request 60 successful, offset = 885
2020-03-04 11:22:08.984 - controller.controller - INFO - Request 61 successful, offset = 900
2020-03-04 11:22:09.902 - controller.controller - INFO - Request 62 successful, offset = 915
2020-03-04 11:22:10.825 - controller.controller - INFO - Request 63 successful, offset = 930
2020-03-04 11:22:11.754 - controller.controller - INFO - Found 940 departing flights for KLGA
2020-03-04 11:22:11.790 - controller.controller - INFO - Saved KLGA departing flights to database
2020-03-04 11:22:11.796 - controller.controller - INFO - <<<<< Done >>>>>
